#
# A fatal error has been detected by the Java Runtime Environment:
#
#  SIGSEGV (0xb) at pc=0x00007f2068905792, pid=22696, tid=22712
#
# JRE version: OpenJDK Runtime Environment (11.0.4+10) (build 11.0.4+10-b304.77)
# Java VM: OpenJDK 64-Bit Server VM (11.0.4+10-b304.77, mixed mode, tiered, compressed oops, g1 gc, linux-amd64)
# Problematic frame:
# V  [libjvm.so+0x729792]  Parse::do_call()+0x2c2
#
# Core dump will be written. Default location: Core dumps may be processed with "/usr/share/apport/apport %p %s %c %d %P" (or dumping to /home/sherifneamatalla/Desktop/personal/java/genetics/geneticevolution/core.22696)
#
# If you would like to submit a bug report, please visit:
#   http://bugreport.java.com/bugreport/crash.jsp
#

---------------  S U M M A R Y ------------

Command Line: -agentlib:jdwp=transport=dt_socket,address=127.0.0.1:40863,suspend=y,server=n -javaagent:/home/sherifneamatalla/.local/share/JetBrains/Toolbox/apps/IDEA-U/ch-0/192.7142.36/plugins/java/lib/rt/debugger-agent.jar -Dfile.encoding=UTF-8 Main

Host: Intel(R) Core(TM) i5-7300HQ CPU @ 2.50GHz, 4 cores, 7G, Ubuntu 18.04.3 LTS
Time: Mon Dec  2 16:47:51 2019 CET elapsed time: 0 seconds (0d 0h 0m 0s)

---------------  T H R E A D  ---------------

Current thread (0x00007f20601c1800):  JavaThread "C2 CompilerThread0" daemon [_thread_in_native, id=22712, stack(0x00007f2064207000,0x00007f2064308000)]


Current CompileTask:
C2:    572  486       4       java.lang.AbstractStringBuilder::ensureCapacityInternal (39 bytes)

Stack: [0x00007f2064207000,0x00007f2064308000],  sp=0x00007f20643048f0,  free space=1014k
Native frames: (J=compiled Java code, A=aot compiled Java code, j=interpreted, Vv=VM code, C=native code)
V  [libjvm.so+0x729792]  Parse::do_call()+0x2c2
V  [libjvm.so+0xbe0885]  Parse::do_one_bytecode()+0x3245
V  [libjvm.so+0xbd0237]  Parse::do_one_block()+0x197
V  [libjvm.so+0xbd06a2]  Parse::do_all_blocks()+0x102
V  [libjvm.so+0xbd2e99]  Parse::Parse(JVMState*, ciMethod*, float)+0x989
V  [libjvm.so+0x569268]  ParseGenerator::generate(JVMState*)+0x88
V  [libjvm.so+0x729798]  Parse::do_call()+0x2c8
V  [libjvm.so+0xbe0885]  Parse::do_one_bytecode()+0x3245
V  [libjvm.so+0xbd0237]  Parse::do_one_block()+0x197
V  [libjvm.so+0xbd06a2]  Parse::do_all_blocks()+0x102
V  [libjvm.so+0xbd2e99]  Parse::Parse(JVMState*, ciMethod*, float)+0x989
V  [libjvm.so+0x569268]  ParseGenerator::generate(JVMState*)+0x88
V  [libjvm.so+0x63e5d8]  Compile::Compile(ciEnv*, C2Compiler*, ciMethod*, int, bool, bool, bool, DirectiveSet*)+0xec8
V  [libjvm.so+0x56876e]  C2Compiler::compile_method(ciEnv*, ciMethod*, int, DirectiveSet*)+0xee
V  [libjvm.so+0x64856b]  CompileBroker::invoke_compiler_on_method(CompileTask*)+0x3fb
V  [libjvm.so+0x649a28]  CompileBroker::compiler_thread_loop()+0x548
V  [libjvm.so+0xd39e18]  JavaThread::thread_main_inner()+0xf8
V  [libjvm.so+0xd3a0c8]  JavaThread::run()+0x268
V  [libjvm.so+0xd364a6]  Thread::call_run()+0x146
V  [libjvm.so+0xba3c18]  thread_native_entry(Thread*)+0xf8


siginfo: si_signo: 11 (SIGSEGV), si_code: 1 (SEGV_MAPERR), si_addr: 0x00007f0069542f78

Register to memory mapping:

RAX=0x00007f0069542ef0 is an unknown value
RBX=0x00007f20200768c0 points into unknown readable memory: 40 61 07 20 20 7f 00 00
RCX=0x00007f2069573860: <offset 0x0000000001397860> in /home/sherifneamatalla/.local/share/JetBrains/Toolbox/apps/IDEA-U/ch-0/192.7142.36/jbr/lib/server/libjvm.so at 0x00007f20681dc000
RDX=0x0000000000000006 is an unknown value
RSP=0x00007f20643048f0 is pointing into the stack for thread: 0x00007f20601c1800
RBP=0x00007f20643049d0 is pointing into the stack for thread: 0x00007f20601c1800
RSI=0x00007f20200768c0 points into unknown readable memory: 40 61 07 20 20 7f 00 00
RDI=0x00007f20140d9ba0 points into unknown readable memory: f0 2e 54 69 00 7f 00 00
R8 =0x00007f2069573860: <offset 0x0000000001397860> in /home/sherifneamatalla/.local/share/JetBrains/Toolbox/apps/IDEA-U/ch-0/192.7142.36/jbr/lib/server/libjvm.so at 0x00007f20681dc000
R9 =0x0 is NULL
R10=0x0000000000000006 is an unknown value
R11=0x00007f2069795440: <offset 0x00000000001af440> in /lib/x86_64-linux-gnu/libc.so.6 at 0x00007f20695e6000
R12=0x00007f20140d9ba0 points into unknown readable memory: f0 2e 54 69 00 7f 00 00
R13=0x0 is NULL
R14=0x00000000000000b8 is an unknown value
R15=0x00007f2064304b50 is pointing into the stack for thread: 0x00007f20601c1800


Registers:
RAX=0x00007f0069542ef0, RBX=0x00007f20200768c0, RCX=0x00007f2069573860, RDX=0x0000000000000006
RSP=0x00007f20643048f0, RBP=0x00007f20643049d0, RSI=0x00007f20200768c0, RDI=0x00007f20140d9ba0
R8 =0x00007f2069573860, R9 =0x0000000000000000, R10=0x0000000000000006, R11=0x00007f2069795440
R12=0x00007f20140d9ba0, R13=0x0000000000000000, R14=0x00000000000000b8, R15=0x00007f2064304b50
RIP=0x00007f2068905792, EFLAGS=0x0000000000010246, CSGSFS=0x002b000000000033, ERR=0x0000000000000004
  TRAPNO=0x000000000000000e

Top of Stack: (sp=0x00007f20643048f0)
0x00007f20643048f0:   0000000000000000 00007f2000000001
0x00007f2064304900:   00007f2000000000 00007f2064304960
0x00007f2064304910:   0000000000000010 00007f20602baa40
0x00007f2064304920:   00007f2000000000 00007f2069552f00 

Instructions: (pc=0x00007f2068905792)
0x00007f2068905692:   c7 85 70 ff ff ff fc ff ff ff 0f 84 0e 07 00 00
0x00007f20689056a2:   48 85 db 48 c7 85 78 ff ff ff 00 00 00 00 74 10
0x00007f20689056b2:   48 8b 03 48 89 df ff 50 60 48 89 85 78 ff ff ff
0x00007f20689056c2:   41 8b 87 4c 01 00 00 3d b7 00 00 00 0f 84 ac 05
0x00007f20689056d2:   00 00 3d b9 00 00 00 0f 84 f1 03 00 00 8b 85 68
0x00007f20689056e2:   ff ff ff 41 29 47 50 4c 89 ff e8 3f 84 0b 00 48
0x00007f20689056f2:   89 c3 48 8b 85 78 ff ff ff 49 8b 7f 10 8b 8d 50
0x00007f2068905702:   ff ff ff 8b 95 70 ff ff ff 41 b9 01 00 00 00 48
0x00007f2068905712:   8b b5 48 ff ff ff f3 41 0f 10 47 64 49 89 d8 c7
0x00007f2068905722:   44 24 10 00 00 00 00 c7 44 24 08 01 00 00 00 48
0x00007f2068905732:   89 04 24 e8 86 f1 ff ff 48 8b 70 08 49 89 c4 4c
0x00007f2068905742:   89 ff e8 57 da 0b 00 41 8b 97 48 01 00 00 49 8b
0x00007f2068905752:   74 24 08 4c 89 ff e8 83 e2 0b 00 80 bd 60 ff ff
0x00007f2068905762:   ff 00 0f 85 96 01 00 00 41 8d 86 4a ff ff ff 45
0x00007f2068905772:   31 ed 83 f8 01 0f 86 83 01 00 00 4c 89 ee 4c 89
0x00007f2068905782:   ff e8 48 ef 4b 00 49 8b 04 24 48 89 de 4c 89 e7
0x00007f2068905792:   ff 90 88 00 00 00 48 85 c0 49 89 c6 0f 84 24 05
0x00007f20689057a2:   00 00 49 8b 04 24 4c 89 e7 ff 10 84 c0 74 2b 49
0x00007f20689057b2:   8b 57 10 b8 01 00 00 00 80 7a 76 00 0f 84 dc 06
0x00007f20689057c2:   00 00 88 42 76 49 8b 47 10 49 8b 74 24 08 48 8b
0x00007f20689057d2:   b8 50 01 00 00 e8 14 bf e6 ff 4c 89 f6 4c 89 ff
0x00007f20689057e2:   e8 f9 8e 0b 00 49 8b 46 38 49 8b 57 10 48 8b 48
0x00007f20689057f2:   08 48 8b 9a 40 02 00 00 48 39 19 0f 84 e6 06 00
0x00007f2068905802:   00 49 89 47 28 41 8b 46 20 41 89 47 50 41 8b 46
0x00007f2068905812:   24 41 89 47 38 49 8b 46 30 49 89 47 40 4c 89 ff
0x00007f2068905822:   e8 a9 83 0b 00 84 c0 0f 85 51 fd ff ff 4d 85 ed
0x00007f2068905832:   74 1e 49 8b 04 24 4c 89 e7 ff 50 18 84 c0 74 10
0x00007f2068905842:   ba 01 00 00 00 4c 89 ee 4c 89 ff e8 9e b2 0b 00
0x00007f2068905852:   49 8b 74 24 08 4c 89 ff e8 71 e4 0b 00 49 8b 44
0x00007f2068905862:   24 08 48 8b 78 30 e8 43 da e8 ff 48 8b 7d 90 48
0x00007f2068905872:   89 c3 e8 37 da e8 ff 49 89 c2 41 8b 87 4c 01 00
0x00007f2068905882:   00 3d ba 00 00 00 0f 84 ca 00 00 00 3d e9 00 00 


Stack slot to memory mapping:
stack at sp + 0 slots: 0x0 is NULL
stack at sp + 1 slots: 0x00007f2000000001 points into unknown readable memory: 00 00 00 20 7f 00 00
stack at sp + 2 slots: 0x00007f2000000000 points into unknown readable memory: 20 00 00 00 20 7f 00 00
stack at sp + 3 slots: 0x00007f2064304960 is pointing into the stack for thread: 0x00007f20601c1800
stack at sp + 4 slots: 0x0000000000000010 is an unknown value
stack at sp + 5 slots: 0x00007f20602baa40 points into unknown readable memory: 90 19 52 69 20 7f 00 00
stack at sp + 6 slots: 0x00007f2000000000 points into unknown readable memory: 20 00 00 00 20 7f 00 00
stack at sp + 7 slots: 0x00007f2069552f00: <offset 0x0000000001376f00> in /home/sherifneamatalla/.local/share/JetBrains/Toolbox/apps/IDEA-U/ch-0/192.7142.36/jbr/lib/server/libjvm.so at 0x00007f20681dc000


---------------  P R O C E S S  ---------------

Threads class SMR info:
_java_thread_list=0x00007f20603e8640, length=13, elements={
0x00007f2060014000, 0x00007f20601a7800, 0x00007f20601ab800, 0x00007f20601bf800,
0x00007f20601c1800, 0x00007f20601c3800, 0x00007f20601c5800, 0x00007f206025c800,
0x00007f20602d3800, 0x00007f20602d7000, 0x00007f2010001800, 0x00007f2060350000,
0x00007f20603e7000
}

Java Threads: ( => current thread )
  0x00007f2060014000 JavaThread "main" [_thread_blocked, id=22699, stack(0x00007f206a332000,0x00007f206a433000)]
  0x00007f20601a7800 JavaThread "Reference Handler" daemon [_thread_blocked, id=22707, stack(0x00007f206450a000,0x00007f206460b000)]
  0x00007f20601ab800 JavaThread "Finalizer" daemon [_thread_blocked, id=22708, stack(0x00007f2064409000,0x00007f206450a000)]
  0x00007f20601bf800 JavaThread "Signal Dispatcher" daemon [_thread_blocked, id=22711, stack(0x00007f2064308000,0x00007f2064409000)]
=>0x00007f20601c1800 JavaThread "C2 CompilerThread0" daemon [_thread_in_native, id=22712, stack(0x00007f2064207000,0x00007f2064308000)]
  0x00007f20601c3800 JavaThread "C1 CompilerThread0" daemon [_thread_blocked, id=22714, stack(0x00007f2064106000,0x00007f2064207000)]
  0x00007f20601c5800 JavaThread "Sweeper thread" daemon [_thread_blocked, id=22715, stack(0x00007f2064005000,0x00007f2064106000)]
  0x00007f206025c800 JavaThread "Common-Cleaner" daemon [_thread_blocked, id=22722, stack(0x00007f204c84f000,0x00007f204c950000)]
  0x00007f20602d3800 JavaThread "JDWP Transport Listener: dt_socket" daemon [_thread_blocked, id=22723, stack(0x00007f204c548000,0x00007f204c649000)]
  0x00007f20602d7000 JavaThread "JDWP Event Helper Thread" daemon [_thread_blocked, id=22726, stack(0x00007f204c447000,0x00007f204c548000)]
  0x00007f2010001800 JavaThread "JDWP Command Reader" daemon [_thread_in_native, id=22727, stack(0x00007f204c346000,0x00007f204c447000)]
  0x00007f2060350000 JavaThread "Service Thread" daemon [_thread_blocked, id=22728, stack(0x00007f204c034000,0x00007f204c135000)]
  0x00007f20603e7000 JavaThread "QuantumRenderer-0" daemon [_thread_blocked, id=22730, stack(0x00007f203d530000,0x00007f203d631000)]

Other Threads:
  0x00007f206019f000 VMThread "VM Thread" [stack: 0x00007f206460d000,0x00007f206470d000] [id=22705]
  0x00007f2060353000 WatcherThread [stack: 0x00007f20440a8000,0x00007f20441a8000] [id=22729]
  0x00007f206002b000 GCTaskThread "GC Thread#0" [stack: 0x00007f2065eec000,0x00007f2065fec000] [id=22700]
  0x00007f206005a800 ConcurrentGCThread "G1 Main Marker" [stack: 0x00007f2064e9a000,0x00007f2064f9a000] [id=22701]
  0x00007f206005c800 ConcurrentGCThread "G1 Conc#0" [stack: 0x00007f2064d98000,0x00007f2064e98000] [id=22702]
  0x00007f20600d3000 ConcurrentGCThread "G1 Refine#0" [stack: 0x00007f2064892000,0x00007f2064992000] [id=22703]
  0x00007f20600d4800 ConcurrentGCThread "G1 Young RemSet Sampling" [stack: 0x00007f2064790000,0x00007f2064890000] [id=22704]

Threads with active compile tasks:
C2 CompilerThread0 486       4       java.lang.AbstractStringBuilder::ensureCapacityInternal (39 bytes)

VM state:not at safepoint (normal execution)

VM Mutex/Monitor currently owned by a thread: None

Heap address: 0x0000000087800000, size: 1928 MB, Compressed Oops mode: 32-bit
Narrow klass base: 0x0000000000000000, Narrow klass shift: 3
Compressed class space size: 1073741824 Address: 0x0000000100000000

Heap:
 garbage-first heap   total 124928K, used 7168K [0x0000000087800000, 0x0000000100000000)
  region size 1024K, 9 young (9216K), 0 survivors (0K)
 Metaspace       used 8445K, capacity 8794K, committed 8960K, reserved 1056768K
  class space    used 797K, capacity 938K, committed 1024K, reserved 1048576K
Heap Regions: E=young(eden), S=young(survivor), O=old, HS=humongous(starts), HC=humongous(continues), CS=collection set, F=free, A=archive, TAMS=top-at-mark-start (previous, next)
|   0|0x0000000087800000, 0x0000000087800000, 0x0000000087900000|  0%| F|  |TAMS 0x0000000087800000, 0x0000000087800000| Untracked 
|   1|0x0000000087900000, 0x0000000087900000, 0x0000000087a00000|  0%| F|  |TAMS 0x0000000087900000, 0x0000000087900000| Untracked 
|   2|0x0000000087a00000, 0x0000000087a00000, 0x0000000087b00000|  0%| F|  |TAMS 0x0000000087a00000, 0x0000000087a00000| Untracked 
|   3|0x0000000087b00000, 0x0000000087b00000, 0x0000000087c00000|  0%| F|  |TAMS 0x0000000087b00000, 0x0000000087b00000| Untracked 
|   4|0x0000000087c00000, 0x0000000087c00000, 0x0000000087d00000|  0%| F|  |TAMS 0x0000000087c00000, 0x0000000087c00000| Untracked 
|   5|0x0000000087d00000, 0x0000000087d00000, 0x0000000087e00000|  0%| F|  |TAMS 0x0000000087d00000, 0x0000000087d00000| Untracked 
|   6|0x0000000087e00000, 0x0000000087e00000, 0x0000000087f00000|  0%| F|  |TAMS 0x0000000087e00000, 0x0000000087e00000| Untracked 
|   7|0x0000000087f00000, 0x0000000087f00000, 0x0000000088000000|  0%| F|  |TAMS 0x0000000087f00000, 0x0000000087f00000| Untracked 
|   8|0x0000000088000000, 0x0000000088000000, 0x0000000088100000|  0%| F|  |TAMS 0x0000000088000000, 0x0000000088000000| Untracked 
|   9|0x0000000088100000, 0x0000000088100000, 0x0000000088200000|  0%| F|  |TAMS 0x0000000088100000, 0x0000000088100000| Untracked 
|  10|0x0000000088200000, 0x0000000088200000, 0x0000000088300000|  0%| F|  |TAMS 0x0000000088200000, 0x0000000088200000| Untracked 
|  11|0x0000000088300000, 0x0000000088300000, 0x0000000088400000|  0%| F|  |TAMS 0x0000000088300000, 0x0000000088300000| Untracked 
|  12|0x0000000088400000, 0x0000000088400000, 0x0000000088500000|  0%| F|  |TAMS 0x0000000088400000, 0x0000000088400000| Untracked 
|  13|0x0000000088500000, 0x0000000088500000, 0x0000000088600000|  0%| F|  |TAMS 0x0000000088500000, 0x0000000088500000| Untracked 
|  14|0x0000000088600000, 0x0000000088600000, 0x0000000088700000|  0%| F|  |TAMS 0x0000000088600000, 0x0000000088600000| Untracked 
|  15|0x0000000088700000, 0x0000000088700000, 0x0000000088800000|  0%| F|  |TAMS 0x0000000088700000, 0x0000000088700000| Untracked 
|  16|0x0000000088800000, 0x0000000088800000, 0x0000000088900000|  0%| F|  |TAMS 0x0000000088800000, 0x0000000088800000| Untracked 
|  17|0x0000000088900000, 0x0000000088900000, 0x0000000088a00000|  0%| F|  |TAMS 0x0000000088900000, 0x0000000088900000| Untracked 
|  18|0x0000000088a00000, 0x0000000088a00000, 0x0000000088b00000|  0%| F|  |TAMS 0x0000000088a00000, 0x0000000088a00000| Untracked 
|  19|0x0000000088b00000, 0x0000000088b00000, 0x0000000088c00000|  0%| F|  |TAMS 0x0000000088b00000, 0x0000000088b00000| Untracked 
|  20|0x0000000088c00000, 0x0000000088c00000, 0x0000000088d00000|  0%| F|  |TAMS 0x0000000088c00000, 0x0000000088c00000| Untracked 
|  21|0x0000000088d00000, 0x0000000088d00000, 0x0000000088e00000|  0%| F|  |TAMS 0x0000000088d00000, 0x0000000088d00000| Untracked 
|  22|0x0000000088e00000, 0x0000000088e00000, 0x0000000088f00000|  0%| F|  |TAMS 0x0000000088e00000, 0x0000000088e00000| Untracked 
|  23|0x0000000088f00000, 0x0000000088f00000, 0x0000000089000000|  0%| F|  |TAMS 0x0000000088f00000, 0x0000000088f00000| Untracked 
|  24|0x0000000089000000, 0x0000000089000000, 0x0000000089100000|  0%| F|  |TAMS 0x0000000089000000, 0x0000000089000000| Untracked 
|  25|0x0000000089100000, 0x0000000089100000, 0x0000000089200000|  0%| F|  |TAMS 0x0000000089100000, 0x0000000089100000| Untracked 
|  26|0x0000000089200000, 0x0000000089200000, 0x0000000089300000|  0%| F|  |TAMS 0x0000000089200000, 0x0000000089200000| Untracked 
|  27|0x0000000089300000, 0x0000000089300000, 0x0000000089400000|  0%| F|  |TAMS 0x0000000089300000, 0x0000000089300000| Untracked 
|  28|0x0000000089400000, 0x0000000089400000, 0x0000000089500000|  0%| F|  |TAMS 0x0000000089400000, 0x0000000089400000| Untracked 
|  29|0x0000000089500000, 0x0000000089500000, 0x0000000089600000|  0%| F|  |TAMS 0x0000000089500000, 0x0000000089500000| Untracked 
|  30|0x0000000089600000, 0x0000000089600000, 0x0000000089700000|  0%| F|  |TAMS 0x0000000089600000, 0x0000000089600000| Untracked 
|  31|0x0000000089700000, 0x0000000089700000, 0x0000000089800000|  0%| F|  |TAMS 0x0000000089700000, 0x0000000089700000| Untracked 
|  32|0x0000000089800000, 0x0000000089800000, 0x0000000089900000|  0%| F|  |TAMS 0x0000000089800000, 0x0000000089800000| Untracked 
|  33|0x0000000089900000, 0x0000000089900000, 0x0000000089a00000|  0%| F|  |TAMS 0x0000000089900000, 0x0000000089900000| Untracked 
|  34|0x0000000089a00000, 0x0000000089a00000, 0x0000000089b00000|  0%| F|  |TAMS 0x0000000089a00000, 0x0000000089a00000| Untracked 
|  35|0x0000000089b00000, 0x0000000089b00000, 0x0000000089c00000|  0%| F|  |TAMS 0x0000000089b00000, 0x0000000089b00000| Untracked 
|  36|0x0000000089c00000, 0x0000000089c00000, 0x0000000089d00000|  0%| F|  |TAMS 0x0000000089c00000, 0x0000000089c00000| Untracked 
|  37|0x0000000089d00000, 0x0000000089d00000, 0x0000000089e00000|  0%| F|  |TAMS 0x0000000089d00000, 0x0000000089d00000| Untracked 
|  38|0x0000000089e00000, 0x0000000089e00000, 0x0000000089f00000|  0%| F|  |TAMS 0x0000000089e00000, 0x0000000089e00000| Untracked 
|  39|0x0000000089f00000, 0x0000000089f00000, 0x000000008a000000|  0%| F|  |TAMS 0x0000000089f00000, 0x0000000089f00000| Untracked 
|  40|0x000000008a000000, 0x000000008a000000, 0x000000008a100000|  0%| F|  |TAMS 0x000000008a000000, 0x000000008a000000| Untracked 
|  41|0x000000008a100000, 0x000000008a100000, 0x000000008a200000|  0%| F|  |TAMS 0x000000008a100000, 0x000000008a100000| Untracked 
|  42|0x000000008a200000, 0x000000008a200000, 0x000000008a300000|  0%| F|  |TAMS 0x000000008a200000, 0x000000008a200000| Untracked 
|  43|0x000000008a300000, 0x000000008a300000, 0x000000008a400000|  0%| F|  |TAMS 0x000000008a300000, 0x000000008a300000| Untracked 
|  44|0x000000008a400000, 0x000000008a400000, 0x000000008a500000|  0%| F|  |TAMS 0x000000008a400000, 0x000000008a400000| Untracked 
|  45|0x000000008a500000, 0x000000008a500000, 0x000000008a600000|  0%| F|  |TAMS 0x000000008a500000, 0x000000008a500000| Untracked 
|  46|0x000000008a600000, 0x000000008a600000, 0x000000008a700000|  0%| F|  |TAMS 0x000000008a600000, 0x000000008a600000| Untracked 
|  47|0x000000008a700000, 0x000000008a700000, 0x000000008a800000|  0%| F|  |TAMS 0x000000008a700000, 0x000000008a700000| Untracked 
|  48|0x000000008a800000, 0x000000008a800000, 0x000000008a900000|  0%| F|  |TAMS 0x000000008a800000, 0x000000008a800000| Untracked 
|  49|0x000000008a900000, 0x000000008a900000, 0x000000008aa00000|  0%| F|  |TAMS 0x000000008a900000, 0x000000008a900000| Untracked 
|  50|0x000000008aa00000, 0x000000008aa00000, 0x000000008ab00000|  0%| F|  |TAMS 0x000000008aa00000, 0x000000008aa00000| Untracked 
|  51|0x000000008ab00000, 0x000000008ab00000, 0x000000008ac00000|  0%| F|  |TAMS 0x000000008ab00000, 0x000000008ab00000| Untracked 
|  52|0x000000008ac00000, 0x000000008ac00000, 0x000000008ad00000|  0%| F|  |TAMS 0x000000008ac00000, 0x000000008ac00000| Untracked 
|  53|0x000000008ad00000, 0x000000008ad00000, 0x000000008ae00000|  0%| F|  |TAMS 0x000000008ad00000, 0x000000008ad00000| Untracked 
|  54|0x000000008ae00000, 0x000000008ae00000, 0x000000008af00000|  0%| F|  |TAMS 0x000000008ae00000, 0x000000008ae00000| Untracked 
|  55|0x000000008af00000, 0x000000008af00000, 0x000000008b000000|  0%| F|  |TAMS 0x000000008af00000, 0x000000008af00000| Untracked 
|  56|0x000000008b000000, 0x000000008b000000, 0x000000008b100000|  0%| F|  |TAMS 0x000000008b000000, 0x000000008b000000| Untracked 
|  57|0x000000008b100000, 0x000000008b100000, 0x000000008b200000|  0%| F|  |TAMS 0x000000008b100000, 0x000000008b100000| Untracked 
|  58|0x000000008b200000, 0x000000008b200000, 0x000000008b300000|  0%| F|  |TAMS 0x000000008b200000, 0x000000008b200000| Untracked 
|  59|0x000000008b300000, 0x000000008b300000, 0x000000008b400000|  0%| F|  |TAMS 0x000000008b300000, 0x000000008b300000| Untracked 
|  60|0x000000008b400000, 0x000000008b400000, 0x000000008b500000|  0%| F|  |TAMS 0x000000008b400000, 0x000000008b400000| Untracked 
|  61|0x000000008b500000, 0x000000008b500000, 0x000000008b600000|  0%| F|  |TAMS 0x000000008b500000, 0x000000008b500000| Untracked 
|  62|0x000000008b600000, 0x000000008b600000, 0x000000008b700000|  0%| F|  |TAMS 0x000000008b600000, 0x000000008b600000| Untracked 
|  63|0x000000008b700000, 0x000000008b700000, 0x000000008b800000|  0%| F|  |TAMS 0x000000008b700000, 0x000000008b700000| Untracked 
|  64|0x000000008b800000, 0x000000008b800000, 0x000000008b900000|  0%| F|  |TAMS 0x000000008b800000, 0x000000008b800000| Untracked 
|  65|0x000000008b900000, 0x000000008b900000, 0x000000008ba00000|  0%| F|  |TAMS 0x000000008b900000, 0x000000008b900000| Untracked 
|  66|0x000000008ba00000, 0x000000008ba00000, 0x000000008bb00000|  0%| F|  |TAMS 0x000000008ba00000, 0x000000008ba00000| Untracked 
|  67|0x000000008bb00000, 0x000000008bb00000, 0x000000008bc00000|  0%| F|  |TAMS 0x000000008bb00000, 0x000000008bb00000| Untracked 
|  68|0x000000008bc00000, 0x000000008bc00000, 0x000000008bd00000|  0%| F|  |TAMS 0x000000008bc00000, 0x000000008bc00000| Untracked 
|  69|0x000000008bd00000, 0x000000008bd00000, 0x000000008be00000|  0%| F|  |TAMS 0x000000008bd00000, 0x000000008bd00000| Untracked 
|  70|0x000000008be00000, 0x000000008be00000, 0x000000008bf00000|  0%| F|  |TAMS 0x000000008be00000, 0x000000008be00000| Untracked 
|  71|0x000000008bf00000, 0x000000008bf00000, 0x000000008c000000|  0%| F|  |TAMS 0x000000008bf00000, 0x000000008bf00000| Untracked 
|  72|0x000000008c000000, 0x000000008c000000, 0x000000008c100000|  0%| F|  |TAMS 0x000000008c000000, 0x000000008c000000| Untracked 
|  73|0x000000008c100000, 0x000000008c100000, 0x000000008c200000|  0%| F|  |TAMS 0x000000008c100000, 0x000000008c100000| Untracked 
|  74|0x000000008c200000, 0x000000008c200000, 0x000000008c300000|  0%| F|  |TAMS 0x000000008c200000, 0x000000008c200000| Untracked 
|  75|0x000000008c300000, 0x000000008c300000, 0x000000008c400000|  0%| F|  |TAMS 0x000000008c300000, 0x000000008c300000| Untracked 
|  76|0x000000008c400000, 0x000000008c400000, 0x000000008c500000|  0%| F|  |TAMS 0x000000008c400000, 0x000000008c400000| Untracked 
|  77|0x000000008c500000, 0x000000008c500000, 0x000000008c600000|  0%| F|  |TAMS 0x000000008c500000, 0x000000008c500000| Untracked 
|  78|0x000000008c600000, 0x000000008c600000, 0x000000008c700000|  0%| F|  |TAMS 0x000000008c600000, 0x000000008c600000| Untracked 
|  79|0x000000008c700000, 0x000000008c700000, 0x000000008c800000|  0%| F|  |TAMS 0x000000008c700000, 0x000000008c700000| Untracked 
|  80|0x000000008c800000, 0x000000008c800000, 0x000000008c900000|  0%| F|  |TAMS 0x000000008c800000, 0x000000008c800000| Untracked 
|  81|0x000000008c900000, 0x000000008c900000, 0x000000008ca00000|  0%| F|  |TAMS 0x000000008c900000, 0x000000008c900000| Untracked 
|  82|0x000000008ca00000, 0x000000008ca00000, 0x000000008cb00000|  0%| F|  |TAMS 0x000000008ca00000, 0x000000008ca00000| Untracked 
|  83|0x000000008cb00000, 0x000000008cb00000, 0x000000008cc00000|  0%| F|  |TAMS 0x000000008cb00000, 0x000000008cb00000| Untracked 
|  84|0x000000008cc00000, 0x000000008cc00000, 0x000000008cd00000|  0%| F|  |TAMS 0x000000008cc00000, 0x000000008cc00000| Untracked 
|  85|0x000000008cd00000, 0x000000008cd00000, 0x000000008ce00000|  0%| F|  |TAMS 0x000000008cd00000, 0x000000008cd00000| Untracked 
|  86|0x000000008ce00000, 0x000000008ce00000, 0x000000008cf00000|  0%| F|  |TAMS 0x000000008ce00000, 0x000000008ce00000| Untracked 
|  87|0x000000008cf00000, 0x000000008cf00000, 0x000000008d000000|  0%| F|  |TAMS 0x000000008cf00000, 0x000000008cf00000| Untracked 
|  88|0x000000008d000000, 0x000000008d000000, 0x000000008d100000|  0%| F|  |TAMS 0x000000008d000000, 0x000000008d000000| Untracked 
|  89|0x000000008d100000, 0x000000008d100000, 0x000000008d200000|  0%| F|  |TAMS 0x000000008d100000, 0x000000008d100000| Untracked 
|  90|0x000000008d200000, 0x000000008d200000, 0x000000008d300000|  0%| F|  |TAMS 0x000000008d200000, 0x000000008d200000| Untracked 
|  91|0x000000008d300000, 0x000000008d300000, 0x000000008d400000|  0%| F|  |TAMS 0x000000008d300000, 0x000000008d300000| Untracked 
|  92|0x000000008d400000, 0x000000008d400000, 0x000000008d500000|  0%| F|  |TAMS 0x000000008d400000, 0x000000008d400000| Untracked 
|  93|0x000000008d500000, 0x000000008d500000, 0x000000008d600000|  0%| F|  |TAMS 0x000000008d500000, 0x000000008d500000| Untracked 
|  94|0x000000008d600000, 0x000000008d600000, 0x000000008d700000|  0%| F|  |TAMS 0x000000008d600000, 0x000000008d600000| Untracked 
|  95|0x000000008d700000, 0x000000008d700000, 0x000000008d800000|  0%| F|  |TAMS 0x000000008d700000, 0x000000008d700000| Untracked 
|  96|0x000000008d800000, 0x000000008d800000, 0x000000008d900000|  0%| F|  |TAMS 0x000000008d800000, 0x000000008d800000| Untracked 
|  97|0x000000008d900000, 0x000000008d900000, 0x000000008da00000|  0%| F|  |TAMS 0x000000008d900000, 0x000000008d900000| Untracked 
|  98|0x000000008da00000, 0x000000008da00000, 0x000000008db00000|  0%| F|  |TAMS 0x000000008da00000, 0x000000008da00000| Untracked 
|  99|0x000000008db00000, 0x000000008db00000, 0x000000008dc00000|  0%| F|  |TAMS 0x000000008db00000, 0x000000008db00000| Untracked 
| 100|0x000000008dc00000, 0x000000008dc00000, 0x000000008dd00000|  0%| F|  |TAMS 0x000000008dc00000, 0x000000008dc00000| Untracked 
| 101|0x000000008dd00000, 0x000000008dd00000, 0x000000008de00000|  0%| F|  |TAMS 0x000000008dd00000, 0x000000008dd00000| Untracked 
| 102|0x000000008de00000, 0x000000008de00000, 0x000000008df00000|  0%| F|  |TAMS 0x000000008de00000, 0x000000008de00000| Untracked 
| 103|0x000000008df00000, 0x000000008df00000, 0x000000008e000000|  0%| F|  |TAMS 0x000000008df00000, 0x000000008df00000| Untracked 
| 104|0x000000008e000000, 0x000000008e000000, 0x000000008e100000|  0%| F|  |TAMS 0x000000008e000000, 0x000000008e000000| Untracked 
| 105|0x000000008e100000, 0x000000008e100000, 0x000000008e200000|  0%| F|  |TAMS 0x000000008e100000, 0x000000008e100000| Untracked 
| 106|0x000000008e200000, 0x000000008e200000, 0x000000008e300000|  0%| F|  |TAMS 0x000000008e200000, 0x000000008e200000| Untracked 
| 107|0x000000008e300000, 0x000000008e300000, 0x000000008e400000|  0%| F|  |TAMS 0x000000008e300000, 0x000000008e300000| Untracked 
| 108|0x000000008e400000, 0x000000008e400000, 0x000000008e500000|  0%| F|  |TAMS 0x000000008e400000, 0x000000008e400000| Untracked 
| 109|0x000000008e500000, 0x000000008e500000, 0x000000008e600000|  0%| F|  |TAMS 0x000000008e500000, 0x000000008e500000| Untracked 
| 110|0x000000008e600000, 0x000000008e600000, 0x000000008e700000|  0%| F|  |TAMS 0x000000008e600000, 0x000000008e600000| Untracked 
| 111|0x000000008e700000, 0x000000008e700000, 0x000000008e800000|  0%| F|  |TAMS 0x000000008e700000, 0x000000008e700000| Untracked 
| 112|0x000000008e800000, 0x000000008e800000, 0x000000008e900000|  0%| F|  |TAMS 0x000000008e800000, 0x000000008e800000| Untracked 
| 113|0x000000008e900000, 0x000000008ea00000, 0x000000008ea00000|100%| E|  |TAMS 0x000000008e900000, 0x000000008e900000| Complete 
| 114|0x000000008ea00000, 0x000000008eb00000, 0x000000008eb00000|100%| E|CS|TAMS 0x000000008ea00000, 0x000000008ea00000| Complete 
| 115|0x000000008eb00000, 0x000000008ec00000, 0x000000008ec00000|100%| E|CS|TAMS 0x000000008eb00000, 0x000000008eb00000| Complete 
| 116|0x000000008ec00000, 0x000000008ed00000, 0x000000008ed00000|100%| E|CS|TAMS 0x000000008ec00000, 0x000000008ec00000| Complete 
| 117|0x000000008ed00000, 0x000000008ee00000, 0x000000008ee00000|100%| E|CS|TAMS 0x000000008ed00000, 0x000000008ed00000| Complete 
| 118|0x000000008ee00000, 0x000000008ef00000, 0x000000008ef00000|100%| E|CS|TAMS 0x000000008ee00000, 0x000000008ee00000| Complete 
| 119|0x000000008ef00000, 0x000000008f000000, 0x000000008f000000|100%| E|  |TAMS 0x000000008ef00000, 0x000000008ef00000| Complete 
| 120|0x000000008f000000, 0x000000008f100000, 0x000000008f100000|100%| E|CS|TAMS 0x000000008f000000, 0x000000008f000000| Complete 
| 121|0x000000008f100000, 0x000000008f200000, 0x000000008f200000|100%| E|CS|TAMS 0x000000008f100000, 0x000000008f100000| Complete 

Card table byte_map: [0x00007f206535e000,0x00007f2065722000] _byte_map_base: 0x00007f2064f22000

Marking Bits (Prev, Next): (CMBitMap*) 0x00007f2060052468, (CMBitMap*) 0x00007f20600524a0
 Prev Bits: [0x00007f20461e0000, 0x00007f2048000000)
 Next Bits: [0x00007f20443c0000, 0x00007f20461e0000)

Polling page: 0x00007f206a44a000

Metaspace:

Usage:
  Non-class:      7,67 MB capacity,     7,48 MB ( 98%) used,   177,20 KB (  2%) free+waste,    17,19 KB ( <1%) overhead. 
      Class:    938,00 KB capacity,   798,37 KB ( 85%) used,   130,88 KB ( 14%) free+waste,     8,75 KB ( <1%) overhead. 
       Both:      8,59 MB capacity,     8,26 MB ( 96%) used,   308,08 KB (  4%) free+waste,    25,94 KB ( <1%) overhead. 

Virtual space:
  Non-class space:        8,00 MB reserved,       7,75 MB ( 97%) committed 
      Class space:        1,00 GB reserved,       1,00 MB ( <1%) committed 
             Both:        1,01 GB reserved,       8,75 MB ( <1%) committed 

Chunk freelists:
   Non-Class:  16,00 KB
       Class:  22,00 KB
        Both:  38,00 KB

CodeHeap 'non-profiled nmethods': size=120032Kb used=172Kb max_used=172Kb free=119859Kb
 bounds [0x00007f2054c18000, 0x00007f2054e88000, 0x00007f205c150000]
CodeHeap 'profiled nmethods': size=120032Kb used=765Kb max_used=765Kb free=119266Kb
 bounds [0x00007f204d6e0000, 0x00007f204d950000, 0x00007f2054c18000]
CodeHeap 'non-nmethods': size=5696Kb used=1136Kb max_used=1153Kb free=4559Kb
 bounds [0x00007f204d150000, 0x00007f204d3c0000, 0x00007f204d6e0000]
 total_blobs=1015 nmethods=537 adapters=304
 compilation: enabled
              stopped_count=0, restarted_count=0
 full_count=0

Compilation events (10 events):
Event: 0,522 Thread 0x00007f20601c3800  510       1       java.util.ArrayList::size (5 bytes)
Event: 0,522 Thread 0x00007f20601c3800 nmethod 510 0x00007f2054c40110 code [0x00007f2054c402c0, 0x00007f2054c403d0]
Event: 0,523 Thread 0x00007f20601c3800  536       3       java.lang.ClassLoader::loadClass (7 bytes)
Event: 0,523 Thread 0x00007f20601c3800 nmethod 536 0x00007f204d79eb10 code [0x00007f204d79ecc0, 0x00007f204d79eee8]
Event: 0,523 Thread 0x00007f20601c3800  537       3       jdk.internal.loader.BuiltinClassLoader::loadClass (22 bytes)
Event: 0,523 Thread 0x00007f20601c3800 nmethod 537 0x00007f204d79ef90 code [0x00007f204d79f160, 0x00007f204d79f4b8]
Event: 0,526 Thread 0x00007f20601c1800 nmethod 474 0x00007f2054c40910 code [0x00007f2054c40b00, 0x00007f2054c421b8]
Event: 0,526 Thread 0x00007f20601c1800  525       4       java.lang.StringLatin1::replace (196 bytes)
Event: 0,537 Thread 0x00007f20601c1800 nmethod 525 0x00007f2054c42990 code [0x00007f2054c42b40, 0x00007f2054c430b8]
Event: 0,537 Thread 0x00007f20601c1800  486       4       java.lang.AbstractStringBuilder::ensureCapacityInternal (39 bytes)

GC Heap History (0 events):
No events

Deoptimization events (0 events):
No events

Classes redefined (0 events):
No events

Internal exceptions (5 events):
Event: 0,333 Thread 0x00007f2060014000 Exception <a 'java/lang/NullPointerException'{0x000000008efd5640}> (0x000000008efd5640) thrown at [/opt/buildAgent/work/5ff2f6c26000d570/src/hotspot/share/interpreter/linkResolver.cpp, line 1358]
Event: 0,510 Thread 0x00007f20603e7000 Exception <a 'java/lang/NoSuchMethodError'{0x000000008e903310}: 'java.lang.Object java.lang.invoke.DirectMethodHandle$Holder.invokeStatic(java.lang.Object, java.lang.Object, java.lang.Object, java.lang.Object, java.lang.Object, java.lang.Object, java.lang
Event: 0,513 Thread 0x00007f20603e7000 Exception <a 'java/lang/NoSuchMethodError'{0x000000008e924098}: 'java.lang.Object java.lang.invoke.DirectMethodHandle$Holder.invokeStatic(java.lang.Object, java.lang.Object, java.lang.Object, java.lang.Object, java.lang.Object, java.lang.Object, java.lang
Event: 0,516 Thread 0x00007f20603e7000 Exception <a 'java/lang/NoSuchMethodError'{0x000000008e944150}: 'java.lang.Object java.lang.invoke.DirectMethodHandle$Holder.invokeStatic(java.lang.Object, java.lang.Object, java.lang.Object, java.lang.Object, java.lang.Object, java.lang.Object, java.lang
Event: 0,519 Thread 0x00007f20603e7000 Exception <a 'java/lang/NoSuchMethodError'{0x000000008e965bb8}: 'java.lang.Object java.lang.invoke.DirectMethodHandle$Holder.invokeStatic(java.lang.Object, java.lang.Object, java.lang.Object, java.lang.Object, java.lang.Object, java.lang.Object, java.lang

Events (10 events):
Event: 0,511 loading class java/lang/invoke/BoundMethodHandle$Species_LLLLLLLLII
Event: 0,511 loading class java/lang/invoke/BoundMethodHandle$Species_LLLLLLLLII done
Event: 0,514 loading class java/lang/invoke/BoundMethodHandle$Species_LLLLLLLLIIL
Event: 0,514 loading class java/lang/invoke/BoundMethodHandle$Species_LLLLLLLLIIL done
Event: 0,517 loading class java/lang/invoke/BoundMethodHandle$Species_LLLLLLLLIILL
Event: 0,517 loading class java/lang/invoke/BoundMethodHandle$Species_LLLLLLLLIILL done
Event: 0,522 Executing VM operation: RevokeBias
Event: 0,522 Executing VM operation: RevokeBias done
Event: 0,524 Executing VM operation: RevokeBias
Event: 0,524 Executing VM operation: RevokeBias done


Dynamic libraries:
00400000-00401000 r-xp 00000000 103:05 8127333                           /home/sherifneamatalla/.local/share/JetBrains/Toolbox/apps/IDEA-U/ch-0/192.7142.36/jbr/bin/java
00601000-00602000 r--p 00001000 103:05 8127333                           /home/sherifneamatalla/.local/share/JetBrains/Toolbox/apps/IDEA-U/ch-0/192.7142.36/jbr/bin/java
00602000-00603000 rw-p 00002000 103:05 8127333                           /home/sherifneamatalla/.local/share/JetBrains/Toolbox/apps/IDEA-U/ch-0/192.7142.36/jbr/bin/java
01d79000-01d9a000 rw-p 00000000 00:00 0                                  [heap]
87800000-8f200000 rw-p 00000000 00:00 0 
8f200000-100000000 ---p 00000000 00:00 0 
100000000-100100000 rw-p 00000000 00:00 0 
100100000-140000000 ---p 00000000 00:00 0 
7f1ff4000000-7f1ff44b4000 rw-p 00000000 00:00 0 
7f1ff44b4000-7f1ff8000000 ---p 00000000 00:00 0 
7f1ff884a000-7f1ff884f000 r-xp 00000000 103:05 4072161                   /usr/lib/x86_64-linux-gnu/libxcb-sync.so.1.0.0
7f1ff884f000-7f1ff8a4f000 ---p 00005000 103:05 4072161                   /usr/lib/x86_64-linux-gnu/libxcb-sync.so.1.0.0
7f1ff8a4f000-7f1ff8a50000 r--p 00005000 103:05 4072161                   /usr/lib/x86_64-linux-gnu/libxcb-sync.so.1.0.0
7f1ff8a50000-7f1ff8a51000 rw-p 00006000 103:05 4072161                   /usr/lib/x86_64-linux-gnu/libxcb-sync.so.1.0.0
7f1ff8a51000-7f1ff8a53000 r-xp 00000000 103:05 4072147                   /usr/lib/x86_64-linux-gnu/libxcb-present.so.0.0.0
7f1ff8a53000-7f1ff8c52000 ---p 00002000 103:05 4072147                   /usr/lib/x86_64-linux-gnu/libxcb-present.so.0.0.0
7f1ff8c52000-7f1ff8c53000 r--p 00001000 103:05 4072147                   /usr/lib/x86_64-linux-gnu/libxcb-present.so.0.0.0
7f1ff8c53000-7f1ff8c54000 rw-p 00002000 103:05 4072147                   /usr/lib/x86_64-linux-gnu/libxcb-present.so.0.0.0
7f1ff8c54000-7f1ff8c57000 r-xp 00000000 103:05 4072137                   /usr/lib/x86_64-linux-gnu/libxcb-dri3.so.0.0.0
7f1ff8c57000-7f1ff8e56000 ---p 00003000 103:05 4072137                   /usr/lib/x86_64-linux-gnu/libxcb-dri3.so.0.0.0
7f1ff8e56000-7f1ff8e57000 r--p 00002000 103:05 4072137                   /usr/lib/x86_64-linux-gnu/libxcb-dri3.so.0.0.0
7f1ff8e57000-7f1ff8e58000 rw-p 00003000 103:05 4072137                   /usr/lib/x86_64-linux-gnu/libxcb-dri3.so.0.0.0
7f1ff8e58000-7f1ff8e59000 r-xp 00000000 103:05 4070991                   /usr/lib/x86_64-linux-gnu/libX11-xcb.so.1.0.0
7f1ff8e59000-7f1ff9058000 ---p 00001000 103:05 4070991                   /usr/lib/x86_64-linux-gnu/libX11-xcb.so.1.0.0
7f1ff9058000-7f1ff9059000 r--p 00000000 103:05 4070991                   /usr/lib/x86_64-linux-gnu/libX11-xcb.so.1.0.0
7f1ff9059000-7f1ff905a000 rw-p 00001000 103:05 4070991                   /usr/lib/x86_64-linux-gnu/libX11-xcb.so.1.0.0
7f1ff905a000-7f1ff9072000 r-xp 00000000 103:05 4072139                   /usr/lib/x86_64-linux-gnu/libxcb-glx.so.0.0.0
7f1ff9072000-7f1ff9272000 ---p 00018000 103:05 4072139                   /usr/lib/x86_64-linux-gnu/libxcb-glx.so.0.0.0
7f1ff9272000-7f1ff9274000 r--p 00018000 103:05 4072139                   /usr/lib/x86_64-linux-gnu/libxcb-glx.so.0.0.0
7f1ff9274000-7f1ff9275000 rw-p 0001a000 103:05 4072139                   /usr/lib/x86_64-linux-gnu/libxcb-glx.so.0.0.0
7f1ff9275000-7f1ff92f5000 rw-s 00000000 00:06 565                        /dev/nvidiactl
7f1ff92f5000-7f1ff93f5000 rw-s 00000000 00:06 565                        /dev/nvidiactl
7f1ff93f5000-7f1ff9435000 rw-s 00000000 00:06 565                        /dev/nvidiactl
7f1ff9435000-7f1ff967b000 rw-p 00000000 00:00 0 
7f1ff967b000-7f1ff968b000 r-xp 00000000 103:05 4071265                   /usr/lib/x86_64-linux-gnu/libdrm.so.2.4.0
7f1ff968b000-7f1ff988a000 ---p 00010000 103:05 4071265                   /usr/lib/x86_64-linux-gnu/libdrm.so.2.4.0
7f1ff988a000-7f1ff988b000 r--p 0000f000 103:05 4071265                   /usr/lib/x86_64-linux-gnu/libdrm.so.2.4.0
7f1ff988b000-7f1ff988c000 rw-p 00010000 103:05 4071265                   /usr/lib/x86_64-linux-gnu/libdrm.so.2.4.0
7f1ff988c000-7f1ff9a31000 rw-s 00000000 00:06 565                        /dev/nvidiactl
7f1ff9a31000-7f1ff9b6f000 rw-p 00000000 00:00 0 
7f1ff9b6f000-7f1ff9b80000 r-xp 00000000 103:05 4071010                   /usr/lib/x86_64-linux-gnu/libXext.so.6.4.0
7f1ff9b80000-7f1ff9d7f000 ---p 00011000 103:05 4071010                   /usr/lib/x86_64-linux-gnu/libXext.so.6.4.0
7f1ff9d7f000-7f1ff9d80000 r--p 00010000 103:05 4071010                   /usr/lib/x86_64-linux-gnu/libXext.so.6.4.0
7f1ff9d80000-7f1ff9d81000 rw-p 00011000 103:05 4071010                   /usr/lib/x86_64-linux-gnu/libXext.so.6.4.0
7f1ff9d81000-7f1ffb05a000 r-xp 00000000 103:05 4082962                   /usr/lib/x86_64-linux-gnu/libnvidia-glcore.so.440.33.01
7f1ffb05a000-7f1ffb07b000 rwxp 012d9000 103:05 4082962                   /usr/lib/x86_64-linux-gnu/libnvidia-glcore.so.440.33.01
7f1ffb07b000-7f1ffb589000 r-xp 012fa000 103:05 4082962                   /usr/lib/x86_64-linux-gnu/libnvidia-glcore.so.440.33.01
7f1ffb589000-7f1ffb788000 ---p 01808000 103:05 4082962                   /usr/lib/x86_64-linux-gnu/libnvidia-glcore.so.440.33.01
7f1ffb788000-7f1ffbacd000 rw-p 01807000 103:05 4082962                   /usr/lib/x86_64-linux-gnu/libnvidia-glcore.so.440.33.01
7f1ffbacd000-7f1ffbaea000 rw-p 00000000 00:00 0 
7f1ffbaea000-7f1ffbaed000 r-xp 00000000 103:05 5379893                   /usr/lib/x86_64-linux-gnu/tls/libnvidia-tls.so.440.33.01
7f1ffbaed000-7f1ffbced000 ---p 00003000 103:05 5379893                   /usr/lib/x86_64-linux-gnu/tls/libnvidia-tls.so.440.33.01
7f1ffbced000-7f1ffbcee000 rw-p 00003000 103:05 5379893                   /usr/lib/x86_64-linux-gnu/tls/libnvidia-tls.so.440.33.01
7f1ffbcee000-7f1ffbd97000 r-xp 00000000 103:05 4082959                   /usr/lib/x86_64-linux-gnu/libGLX_nvidia.so.440.33.01
7f1ffbd97000-7f1ffbdcc000 rwxp 000a9000 103:05 4082959                   /usr/lib/x86_64-linux-gnu/libGLX_nvidia.so.440.33.01
7f1ffbdcc000-7f1ffbddb000 r-xp 000de000 103:05 4082959                   /usr/lib/x86_64-linux-gnu/libGLX_nvidia.so.440.33.01
7f1ffbddb000-7f1ffbfda000 ---p 000ed000 103:05 4082959                   /usr/lib/x86_64-linux-gnu/libGLX_nvidia.so.440.33.01
7f1ffbfda000-7f1ffbffe000 rw-p 000ec000 103:05 4082959                   /usr/lib/x86_64-linux-gnu/libGLX_nvidia.so.440.33.01
7f1ffbffe000-7f1ffc000000 rw-p 00000000 00:00 0 
7f1ffc000000-7f1ffc021000 rw-p 00000000 00:00 0 
7f1ffc021000-7f2000000000 ---p 00000000 00:00 0 
7f2000000000-7f2000021000 rw-p 00000000 00:00 0 
7f2000021000-7f2004000000 ---p 00000000 00:00 0 
7f2004000000-7f2004021000 rw-p 00000000 00:00 0 
7f2004021000-7f2008000000 ---p 00000000 00:00 0 
7f2008000000-7f2008021000 rw-p 00000000 00:00 0 
7f2008021000-7f200c000000 ---p 00000000 00:00 0 
7f200c000000-7f200c021000 rw-p 00000000 00:00 0 
7f200c021000-7f2010000000 ---p 00000000 00:00 0 
7f2010000000-7f2010030000 rw-p 00000000 00:00 0 
7f2010030000-7f2014000000 ---p 00000000 00:00 0 
7f2014000000-7f20141e8000 rw-p 00000000 00:00 0 
7f20141e8000-7f2018000000 ---p 00000000 00:00 0 
7f2018000000-7f2018021000 rw-p 00000000 00:00 0 
7f2018021000-7f201c000000 ---p 00000000 00:00 0 
7f201c000000-7f201c021000 rw-p 00000000 00:00 0 
7f201c021000-7f2020000000 ---p 00000000 00:00 0 
7f2020000000-7f20202d3000 rw-p 00000000 00:00 0 
7f20202d3000-7f2024000000 ---p 00000000 00:00 0 
7f2024000000-7f2024021000 rw-p 00000000 00:00 0 
7f2024021000-7f2028000000 ---p 00000000 00:00 0 
7f2028000000-7f2028021000 rw-p 00000000 00:00 0 
7f2028021000-7f202c000000 ---p 00000000 00:00 0 
7f202c000000-7f202c021000 rw-p 00000000 00:00 0 
7f202c021000-7f2030000000 ---p 00000000 00:00 0 
7f2030000000-7f2030021000 rw-p 00000000 00:00 0 
7f2030021000-7f2034000000 ---p 00000000 00:00 0 
7f2034000000-7f2034021000 rw-p 00000000 00:00 0 
7f2034021000-7f2038000000 ---p 00000000 00:00 0 
7f2038000000-7f2038021000 rw-p 00000000 00:00 0 
7f2038021000-7f203c000000 ---p 00000000 00:00 0 
7f203c031000-7f203c044000 r-xp 00000000 103:05 2364441                   /lib/x86_64-linux-gnu/libbsd.so.0.8.7
7f203c044000-7f203c243000 ---p 00013000 103:05 2364441                   /lib/x86_64-linux-gnu/libbsd.so.0.8.7
7f203c243000-7f203c244000 r--p 00012000 103:05 2364441                   /lib/x86_64-linux-gnu/libbsd.so.0.8.7
7f203c244000-7f203c245000 rw-p 00013000 103:05 2364441                   /lib/x86_64-linux-gnu/libbsd.so.0.8.7
7f203c245000-7f203c246000 rw-p 00000000 00:00 0 
7f203c246000-7f203c24b000 r-xp 00000000 103:05 4071008                   /usr/lib/x86_64-linux-gnu/libXdmcp.so.6.0.0
7f203c24b000-7f203c44a000 ---p 00005000 103:05 4071008                   /usr/lib/x86_64-linux-gnu/libXdmcp.so.6.0.0
7f203c44a000-7f203c44b000 r--p 00004000 103:05 4071008                   /usr/lib/x86_64-linux-gnu/libXdmcp.so.6.0.0
7f203c44b000-7f203c44c000 rw-p 00005000 103:05 4071008                   /usr/lib/x86_64-linux-gnu/libXdmcp.so.6.0.0
7f203c44c000-7f203c44e000 r-xp 00000000 103:05 4070997                   /usr/lib/x86_64-linux-gnu/libXau.so.6.0.0
7f203c44e000-7f203c64e000 ---p 00002000 103:05 4070997                   /usr/lib/x86_64-linux-gnu/libXau.so.6.0.0
7f203c64e000-7f203c64f000 r--p 00002000 103:05 4070997                   /usr/lib/x86_64-linux-gnu/libXau.so.6.0.0
7f203c64f000-7f203c650000 rw-p 00003000 103:05 4070997                   /usr/lib/x86_64-linux-gnu/libXau.so.6.0.0
7f203c650000-7f203c692000 r-xp 00000000 103:05 4070957                   /usr/lib/x86_64-linux-gnu/libGLdispatch.so.0.0.0
7f203c692000-7f203c6ab000 r-xp 00042000 103:05 4070957                   /usr/lib/x86_64-linux-gnu/libGLdispatch.so.0.0.0
7f203c6ab000-7f203c6be000 r-xp 0005b000 103:05 4070957                   /usr/lib/x86_64-linux-gnu/libGLdispatch.so.0.0.0
7f203c6be000-7f203c8bd000 ---p 0006e000 103:05 4070957                   /usr/lib/x86_64-linux-gnu/libGLdispatch.so.0.0.0
7f203c8bd000-7f203c8e5000 r--p 0006d000 103:05 4070957                   /usr/lib/x86_64-linux-gnu/libGLdispatch.so.0.0.0
7f203c8e5000-7f203c8e6000 rw-p 00095000 103:05 4070957                   /usr/lib/x86_64-linux-gnu/libGLdispatch.so.0.0.0
7f203c8e6000-7f203c906000 rw-p 00000000 00:00 0 
7f203c906000-7f203c916000 r-xp 00000000 103:05 4070952                   /usr/lib/x86_64-linux-gnu/libGLX.so.0.0.0
7f203c916000-7f203cb15000 ---p 00010000 103:05 4070952                   /usr/lib/x86_64-linux-gnu/libGLX.so.0.0.0
7f203cb15000-7f203cb16000 r--p 0000f000 103:05 4070952                   /usr/lib/x86_64-linux-gnu/libGLX.so.0.0.0
7f203cb16000-7f203cb17000 rw-p 00010000 103:05 4070952                   /usr/lib/x86_64-linux-gnu/libGLX.so.0.0.0
7f203cb17000-7f203cb37000 rw-p 00000000 00:00 0 
7f203cb37000-7f203cb5d000 r-xp 00000000 103:05 4072171                   /usr/lib/x86_64-linux-gnu/libxcb.so.1.1.0
7f203cb5d000-7f203cd5d000 ---p 00026000 103:05 4072171                   /usr/lib/x86_64-linux-gnu/libxcb.so.1.1.0
7f203cd5d000-7f203cd5e000 r--p 00026000 103:05 4072171                   /usr/lib/x86_64-linux-gnu/libxcb.so.1.1.0
7f203cd5e000-7f203cd5f000 rw-p 00027000 103:05 4072171                   /usr/lib/x86_64-linux-gnu/libxcb.so.1.1.0
7f203cd5f000-7f203cda3000 r-xp 00000000 103:05 4070946                   /usr/lib/x86_64-linux-gnu/libGL.so.1.0.0
7f203cda3000-7f203cdbc000 r-xp 00044000 103:05 4070946                   /usr/lib/x86_64-linux-gnu/libGL.so.1.0.0
7f203cdbc000-7f203cdd0000 r-xp 0005d000 103:05 4070946                   /usr/lib/x86_64-linux-gnu/libGL.so.1.0.0
7f203cdd0000-7f203cfcf000 ---p 00071000 103:05 4070946                   /usr/lib/x86_64-linux-gnu/libGL.so.1.0.0
7f203cfcf000-7f203cfe9000 r--p 00070000 103:05 4070946                   /usr/lib/x86_64-linux-gnu/libGL.so.1.0.0
7f203cfe9000-7f203cfea000 rw-p 0008a000 103:05 4070946                   /usr/lib/x86_64-linux-gnu/libGL.so.1.0.0
7f203cfea000-7f203cfeb000 rw-p 00000000 00:00 0 
7f203cfeb000-7f203d11e000 r-xp 00000000 103:05 4070993                   /usr/lib/x86_64-linux-gnu/libX11.so.6.3.0
7f203d11e000-7f203d31e000 ---p 00133000 103:05 4070993                   /usr/lib/x86_64-linux-gnu/libX11.so.6.3.0
7f203d31e000-7f203d31f000 r--p 00133000 103:05 4070993                   /usr/lib/x86_64-linux-gnu/libX11.so.6.3.0
7f203d31f000-7f203d323000 rw-p 00134000 103:05 4070993                   /usr/lib/x86_64-linux-gnu/libX11.so.6.3.0
7f203d323000-7f203d32f000 r-xp 00000000 103:05 8127309                   /home/sherifneamatalla/.local/share/JetBrains/Toolbox/apps/IDEA-U/ch-0/192.7142.36/jbr/lib/libprism_es2.so
7f203d32f000-7f203d52e000 ---p 0000c000 103:05 8127309                   /home/sherifneamatalla/.local/share/JetBrains/Toolbox/apps/IDEA-U/ch-0/192.7142.36/jbr/lib/libprism_es2.so
7f203d52e000-7f203d52f000 r--p 0000b000 103:05 8127309                   /home/sherifneamatalla/.local/share/JetBrains/Toolbox/apps/IDEA-U/ch-0/192.7142.36/jbr/lib/libprism_es2.so
7f203d52f000-7f203d530000 rw-p 0000c000 103:05 8127309                   /home/sherifneamatalla/.local/share/JetBrains/Toolbox/apps/IDEA-U/ch-0/192.7142.36/jbr/lib/libprism_es2.so
7f203d530000-7f203d534000 ---p 00000000 00:00 0 
7f203d534000-7f203d631000 rw-p 00000000 00:00 0 
7f203d631000-7f203e000000 r--p 00000000 103:05 4069921                   /usr/lib/locale/locale-archive
7f203e000000-7f2040000000 rw-p 00000000 00:00 0 
7f2040000000-7f2040021000 rw-p 00000000 00:00 0 
7f2040021000-7f2044000000 ---p 00000000 00:00 0 
7f2044006000-7f2044026000 rw-s 00000000 00:06 565                        /dev/nvidiactl
7f2044026000-7f2044066000 rw-s 00000000 00:06 565                        /dev/nvidiactl
7f2044066000-7f20440a6000 rw-s 00000000 00:06 565                        /dev/nvidiactl
7f20440a6000-7f20440a7000 ---p 00000000 00:00 0 
7f20440a7000-7f20441a8000 rw-p 00000000 00:00 0 
7f20441a8000-7f20441bf000 r-xp 00000000 103:05 8127305                   /home/sherifneamatalla/.local/share/JetBrains/Toolbox/apps/IDEA-U/ch-0/192.7142.36/jbr/lib/libnet.so
7f20441bf000-7f20443be000 ---p 00017000 103:05 8127305                   /home/sherifneamatalla/.local/share/JetBrains/Toolbox/apps/IDEA-U/ch-0/192.7142.36/jbr/lib/libnet.so
7f20443be000-7f20443bf000 r--p 00016000 103:05 8127305                   /home/sherifneamatalla/.local/share/JetBrains/Toolbox/apps/IDEA-U/ch-0/192.7142.36/jbr/lib/libnet.so
7f20443bf000-7f20443c0000 rw-p 00017000 103:05 8127305                   /home/sherifneamatalla/.local/share/JetBrains/Toolbox/apps/IDEA-U/ch-0/192.7142.36/jbr/lib/libnet.so
7f20443c0000-7f20445a8000 rw-p 00000000 00:00 0 
7f20445a8000-7f20461e0000 ---p 00000000 00:00 0 
7f20461e0000-7f20463c8000 rw-p 00000000 00:00 0 
7f20463c8000-7f2048000000 ---p 00000000 00:00 0 
7f2048000000-7f2048021000 rw-p 00000000 00:00 0 
7f2048021000-7f204c000000 ---p 00000000 00:00 0 
7f204c014000-7f204c034000 rw-s 00000000 00:06 565                        /dev/nvidiactl
7f204c034000-7f204c038000 ---p 00000000 00:00 0 
7f204c038000-7f204c135000 rw-p 00000000 00:00 0 
7f204c135000-7f204c145000 r-xp 00000000 103:05 8127306                   /home/sherifneamatalla/.local/share/JetBrains/Toolbox/apps/IDEA-U/ch-0/192.7142.36/jbr/lib/libnio.so
7f204c145000-7f204c344000 ---p 00010000 103:05 8127306                   /home/sherifneamatalla/.local/share/JetBrains/Toolbox/apps/IDEA-U/ch-0/192.7142.36/jbr/lib/libnio.so
7f204c344000-7f204c345000 r--p 0000f000 103:05 8127306                   /home/sherifneamatalla/.local/share/JetBrains/Toolbox/apps/IDEA-U/ch-0/192.7142.36/jbr/lib/libnio.so
7f204c345000-7f204c346000 rw-p 00010000 103:05 8127306                   /home/sherifneamatalla/.local/share/JetBrains/Toolbox/apps/IDEA-U/ch-0/192.7142.36/jbr/lib/libnio.so
7f204c346000-7f204c34a000 ---p 00000000 00:00 0 
7f204c34a000-7f204c447000 rw-p 00000000 00:00 0 
7f204c447000-7f204c44b000 ---p 00000000 00:00 0 
7f204c44b000-7f204c548000 rw-p 00000000 00:00 0 
7f204c548000-7f204c54c000 ---p 00000000 00:00 0 
7f204c54c000-7f204c649000 rw-p 00000000 00:00 0 
7f204c649000-7f204c64e000 r-xp 00000000 103:05 8127274                   /home/sherifneamatalla/.local/share/JetBrains/Toolbox/apps/IDEA-U/ch-0/192.7142.36/jbr/lib/libdt_socket.so
7f204c64e000-7f204c84d000 ---p 00005000 103:05 8127274                   /home/sherifneamatalla/.local/share/JetBrains/Toolbox/apps/IDEA-U/ch-0/192.7142.36/jbr/lib/libdt_socket.so
7f204c84d000-7f204c84e000 r--p 00004000 103:05 8127274                   /home/sherifneamatalla/.local/share/JetBrains/Toolbox/apps/IDEA-U/ch-0/192.7142.36/jbr/lib/libdt_socket.so
7f204c84e000-7f204c84f000 rw-p 00005000 103:05 8127274                   /home/sherifneamatalla/.local/share/JetBrains/Toolbox/apps/IDEA-U/ch-0/192.7142.36/jbr/lib/libdt_socket.so
7f204c84f000-7f204c853000 ---p 00000000 00:00 0 
7f204c853000-7f204d110000 rw-p 00000000 00:00 0 
7f204d110000-7f204d150000 ---p 00000000 00:00 0 
7f204d150000-7f204d3c0000 rwxp 00000000 00:00 0 
7f204d3c0000-7f204d6e0000 ---p 00000000 00:00 0 
7f204d6e0000-7f204d950000 rwxp 00000000 00:00 0 
7f204d950000-7f2054c18000 ---p 00000000 00:00 0 
7f2054c18000-7f2054e88000 rwxp 00000000 00:00 0 
7f2054e88000-7f205c150000 ---p 00000000 00:00 0 
7f205c150000-7f2060000000 r--s 00000000 103:05 8127318                   /home/sherifneamatalla/.local/share/JetBrains/Toolbox/apps/IDEA-U/ch-0/192.7142.36/jbr/lib/modules
7f2060000000-7f20603ef000 rw-p 00000000 00:00 0 
7f20603ef000-7f2064000000 ---p 00000000 00:00 0 
7f2064001000-7f2064005000 rw-s 00000000 00:06 565                        /dev/nvidiactl
7f2064005000-7f2064009000 ---p 00000000 00:00 0 
7f2064009000-7f2064106000 rw-p 00000000 00:00 0 
7f2064106000-7f206410a000 ---p 00000000 00:00 0 
7f206410a000-7f2064207000 rw-p 00000000 00:00 0 
7f2064207000-7f206420b000 ---p 00000000 00:00 0 
7f206420b000-7f2064308000 rw-p 00000000 00:00 0 
7f2064308000-7f206430c000 ---p 00000000 00:00 0 
7f206430c000-7f2064409000 rw-p 00000000 00:00 0 
7f2064409000-7f206440d000 ---p 00000000 00:00 0 
7f206440d000-7f206450a000 rw-p 00000000 00:00 0 
7f206450a000-7f206450e000 ---p 00000000 00:00 0 
7f206450e000-7f206460b000 rw-p 00000000 00:00 0 
7f206460b000-7f206460c000 ---p 00000000 00:00 0 
7f206460c000-7f206478e000 rw-p 00000000 00:00 0 
7f206478e000-7f206478f000 ---p 00000000 00:00 0 
7f206478f000-7f2064890000 rw-p 00000000 00:00 0 
7f2064890000-7f2064891000 ---p 00000000 00:00 0 
7f2064891000-7f2064d96000 rw-p 00000000 00:00 0 
7f2064d96000-7f2064d97000 ---p 00000000 00:00 0 
7f2064d97000-7f2064e98000 rw-p 00000000 00:00 0 
7f2064e98000-7f2064e99000 ---p 00000000 00:00 0 
7f2064e99000-7f2064fd7000 rw-p 00000000 00:00 0 
7f2064fd7000-7f206535e000 ---p 00000000 00:00 0 
7f206535e000-7f206539b000 rw-p 00000000 00:00 0 
7f206539b000-7f2065722000 ---p 00000000 00:00 0 
7f2065722000-7f206575f000 rw-p 00000000 00:00 0 
7f206575f000-7f2065ae6000 ---p 00000000 00:00 0 
7f2065ae6000-7f2065eea000 rw-p 00000000 00:00 0 
7f2065eea000-7f2065eeb000 ---p 00000000 00:00 0 
7f2065eeb000-7f2065ff1000 rw-p 00000000 00:00 0 
7f2065ff1000-7f20660d7000 ---p 00000000 00:00 0 
7f20660d7000-7f20660dc000 rw-p 00000000 00:00 0 
7f20660dc000-7f20661c2000 ---p 00000000 00:00 0 
7f20661c2000-7f20661c7000 r-xp 00000000 103:05 8127297                   /home/sherifneamatalla/.local/share/JetBrains/Toolbox/apps/IDEA-U/ch-0/192.7142.36/jbr/lib/libjimage.so
7f20661c7000-7f20663c7000 ---p 00005000 103:05 8127297                   /home/sherifneamatalla/.local/share/JetBrains/Toolbox/apps/IDEA-U/ch-0/192.7142.36/jbr/lib/libjimage.so
7f20663c7000-7f20663c8000 r--p 00005000 103:05 8127297                   /home/sherifneamatalla/.local/share/JetBrains/Toolbox/apps/IDEA-U/ch-0/192.7142.36/jbr/lib/libjimage.so
7f20663c8000-7f20663c9000 rw-p 00006000 103:05 8127297                   /home/sherifneamatalla/.local/share/JetBrains/Toolbox/apps/IDEA-U/ch-0/192.7142.36/jbr/lib/libjimage.so
7f20663c9000-7f20663d0000 r-xp 00000000 103:05 8127317                   /home/sherifneamatalla/.local/share/JetBrains/Toolbox/apps/IDEA-U/ch-0/192.7142.36/jbr/lib/libzip.so
7f20663d0000-7f20665cf000 ---p 00007000 103:05 8127317                   /home/sherifneamatalla/.local/share/JetBrains/Toolbox/apps/IDEA-U/ch-0/192.7142.36/jbr/lib/libzip.so
7f20665cf000-7f20665d0000 r--p 00006000 103:05 8127317                   /home/sherifneamatalla/.local/share/JetBrains/Toolbox/apps/IDEA-U/ch-0/192.7142.36/jbr/lib/libzip.so
7f20665d0000-7f20665d1000 rw-p 00007000 103:05 8127317                   /home/sherifneamatalla/.local/share/JetBrains/Toolbox/apps/IDEA-U/ch-0/192.7142.36/jbr/lib/libzip.so
7f20665d1000-7f20665dc000 r-xp 00000000 103:05 2364535                   /lib/x86_64-linux-gnu/libnss_files-2.27.so
7f20665dc000-7f20667db000 ---p 0000b000 103:05 2364535                   /lib/x86_64-linux-gnu/libnss_files-2.27.so
7f20667db000-7f20667dc000 r--p 0000a000 103:05 2364535                   /lib/x86_64-linux-gnu/libnss_files-2.27.so
7f20667dc000-7f20667dd000 rw-p 0000b000 103:05 2364535                   /lib/x86_64-linux-gnu/libnss_files-2.27.so
7f20667dd000-7f20667e3000 rw-p 00000000 00:00 0 
7f20667e3000-7f20667fa000 r-xp 00000000 103:05 2364529                   /lib/x86_64-linux-gnu/libnsl-2.27.so
7f20667fa000-7f20669f9000 ---p 00017000 103:05 2364529                   /lib/x86_64-linux-gnu/libnsl-2.27.so
7f20669f9000-7f20669fa000 r--p 00016000 103:05 2364529                   /lib/x86_64-linux-gnu/libnsl-2.27.so
7f20669fa000-7f20669fb000 rw-p 00017000 103:05 2364529                   /lib/x86_64-linux-gnu/libnsl-2.27.so
7f20669fb000-7f20669fd000 rw-p 00000000 00:00 0 
7f20669fd000-7f2066a08000 r-xp 00000000 103:05 2364546                   /lib/x86_64-linux-gnu/libnss_nis-2.27.so
7f2066a08000-7f2066c07000 ---p 0000b000 103:05 2364546                   /lib/x86_64-linux-gnu/libnss_nis-2.27.so
7f2066c07000-7f2066c08000 r--p 0000a000 103:05 2364546                   /lib/x86_64-linux-gnu/libnss_nis-2.27.so
7f2066c08000-7f2066c09000 rw-p 0000b000 103:05 2364546                   /lib/x86_64-linux-gnu/libnss_nis-2.27.so
7f2066c09000-7f2066c11000 r-xp 00000000 103:05 2364531                   /lib/x86_64-linux-gnu/libnss_compat-2.27.so
7f2066c11000-7f2066e11000 ---p 00008000 103:05 2364531                   /lib/x86_64-linux-gnu/libnss_compat-2.27.so
7f2066e11000-7f2066e12000 r--p 00008000 103:05 2364531                   /lib/x86_64-linux-gnu/libnss_compat-2.27.so
7f2066e12000-7f2066e13000 rw-p 00009000 103:05 2364531                   /lib/x86_64-linux-gnu/libnss_compat-2.27.so
7f2066e13000-7f2066e1d000 r-xp 00000000 103:05 8127282                   /home/sherifneamatalla/.local/share/JetBrains/Toolbox/apps/IDEA-U/ch-0/192.7142.36/jbr/lib/libinstrument.so
7f2066e1d000-7f206701c000 ---p 0000a000 103:05 8127282                   /home/sherifneamatalla/.local/share/JetBrains/Toolbox/apps/IDEA-U/ch-0/192.7142.36/jbr/lib/libinstrument.so
7f206701c000-7f206701d000 r--p 00009000 103:05 8127282                   /home/sherifneamatalla/.local/share/JetBrains/Toolbox/apps/IDEA-U/ch-0/192.7142.36/jbr/lib/libinstrument.so
7f206701d000-7f206701e000 rw-p 0000a000 103:05 8127282                   /home/sherifneamatalla/.local/share/JetBrains/Toolbox/apps/IDEA-U/ch-0/192.7142.36/jbr/lib/libinstrument.so
7f206701e000-7f206705a000 r-xp 00000000 103:05 8127294                   /home/sherifneamatalla/.local/share/JetBrains/Toolbox/apps/IDEA-U/ch-0/192.7142.36/jbr/lib/libjdwp.so
7f206705a000-7f2067259000 ---p 0003c000 103:05 8127294                   /home/sherifneamatalla/.local/share/JetBrains/Toolbox/apps/IDEA-U/ch-0/192.7142.36/jbr/lib/libjdwp.so
7f2067259000-7f206725a000 r--p 0003b000 103:05 8127294                   /home/sherifneamatalla/.local/share/JetBrains/Toolbox/apps/IDEA-U/ch-0/192.7142.36/jbr/lib/libjdwp.so
7f206725a000-7f206725b000 rw-p 0003c000 103:05 8127294                   /home/sherifneamatalla/.local/share/JetBrains/Toolbox/apps/IDEA-U/ch-0/192.7142.36/jbr/lib/libjdwp.so
7f206725b000-7f2067284000 r-xp 00000000 103:05 8127287                   /home/sherifneamatalla/.local/share/JetBrains/Toolbox/apps/IDEA-U/ch-0/192.7142.36/jbr/lib/libjava.so
7f2067284000-7f2067483000 ---p 00029000 103:05 8127287                   /home/sherifneamatalla/.local/share/JetBrains/Toolbox/apps/IDEA-U/ch-0/192.7142.36/jbr/lib/libjava.so
7f2067483000-7f2067484000 r--p 00028000 103:05 8127287                   /home/sherifneamatalla/.local/share/JetBrains/Toolbox/apps/IDEA-U/ch-0/192.7142.36/jbr/lib/libjava.so
7f2067484000-7f2067486000 rw-p 00029000 103:05 8127287                   /home/sherifneamatalla/.local/share/JetBrains/Toolbox/apps/IDEA-U/ch-0/192.7142.36/jbr/lib/libjava.so
7f2067486000-7f2067493000 r-xp 00000000 103:05 8127316                   /home/sherifneamatalla/.local/share/JetBrains/Toolbox/apps/IDEA-U/ch-0/192.7142.36/jbr/lib/libverify.so
7f2067493000-7f2067692000 ---p 0000d000 103:05 8127316                   /home/sherifneamatalla/.local/share/JetBrains/Toolbox/apps/IDEA-U/ch-0/192.7142.36/jbr/lib/libverify.so
7f2067692000-7f2067694000 r--p 0000c000 103:05 8127316                   /home/sherifneamatalla/.local/share/JetBrains/Toolbox/apps/IDEA-U/ch-0/192.7142.36/jbr/lib/libverify.so
7f2067694000-7f2067695000 rw-p 0000e000 103:05 8127316                   /home/sherifneamatalla/.local/share/JetBrains/Toolbox/apps/IDEA-U/ch-0/192.7142.36/jbr/lib/libverify.so
7f2067695000-7f206769c000 r-xp 00000000 103:05 2364586                   /lib/x86_64-linux-gnu/librt-2.27.so
7f206769c000-7f206789b000 ---p 00007000 103:05 2364586                   /lib/x86_64-linux-gnu/librt-2.27.so
7f206789b000-7f206789c000 r--p 00006000 103:05 2364586                   /lib/x86_64-linux-gnu/librt-2.27.so
7f206789c000-7f206789d000 rw-p 00007000 103:05 2364586                   /lib/x86_64-linux-gnu/librt-2.27.so
7f206789d000-7f20678b4000 r-xp 00000000 103:05 2364482                   /lib/x86_64-linux-gnu/libgcc_s.so.1
7f20678b4000-7f2067ab3000 ---p 00017000 103:05 2364482                   /lib/x86_64-linux-gnu/libgcc_s.so.1
7f2067ab3000-7f2067ab4000 r--p 00016000 103:05 2364482                   /lib/x86_64-linux-gnu/libgcc_s.so.1
7f2067ab4000-7f2067ab5000 rw-p 00017000 103:05 2364482                   /lib/x86_64-linux-gnu/libgcc_s.so.1
7f2067ab5000-7f2067c52000 r-xp 00000000 103:05 2364508                   /lib/x86_64-linux-gnu/libm-2.27.so
7f2067c52000-7f2067e51000 ---p 0019d000 103:05 2364508                   /lib/x86_64-linux-gnu/libm-2.27.so
7f2067e51000-7f2067e52000 r--p 0019c000 103:05 2364508                   /lib/x86_64-linux-gnu/libm-2.27.so
7f2067e52000-7f2067e53000 rw-p 0019d000 103:05 2364508                   /lib/x86_64-linux-gnu/libm-2.27.so
7f2067e53000-7f2067fcc000 r-xp 00000000 103:05 4071995                   /usr/lib/x86_64-linux-gnu/libstdc++.so.6.0.25
7f2067fcc000-7f20681cc000 ---p 00179000 103:05 4071995                   /usr/lib/x86_64-linux-gnu/libstdc++.so.6.0.25
7f20681cc000-7f20681d6000 r--p 00179000 103:05 4071995                   /usr/lib/x86_64-linux-gnu/libstdc++.so.6.0.25
7f20681d6000-7f20681d8000 rw-p 00183000 103:05 4071995                   /usr/lib/x86_64-linux-gnu/libstdc++.so.6.0.25
7f20681d8000-7f20681dc000 rw-p 00000000 00:00 0 
7f20681dc000-7f2069285000 r-xp 00000000 103:05 8127329                   /home/sherifneamatalla/.local/share/JetBrains/Toolbox/apps/IDEA-U/ch-0/192.7142.36/jbr/lib/server/libjvm.so
7f2069285000-7f2069485000 ---p 010a9000 103:05 8127329                   /home/sherifneamatalla/.local/share/JetBrains/Toolbox/apps/IDEA-U/ch-0/192.7142.36/jbr/lib/server/libjvm.so
7f2069485000-7f2069553000 r--p 010a9000 103:05 8127329                   /home/sherifneamatalla/.local/share/JetBrains/Toolbox/apps/IDEA-U/ch-0/192.7142.36/jbr/lib/server/libjvm.so
7f2069553000-7f206958d000 rw-p 01177000 103:05 8127329                   /home/sherifneamatalla/.local/share/JetBrains/Toolbox/apps/IDEA-U/ch-0/192.7142.36/jbr/lib/server/libjvm.so
7f206958d000-7f20695e6000 rw-p 00000000 00:00 0 
7f20695e6000-7f20697cd000 r-xp 00000000 103:05 2364445                   /lib/x86_64-linux-gnu/libc-2.27.so
7f20697cd000-7f20699cd000 ---p 001e7000 103:05 2364445                   /lib/x86_64-linux-gnu/libc-2.27.so
7f20699cd000-7f20699d1000 r--p 001e7000 103:05 2364445                   /lib/x86_64-linux-gnu/libc-2.27.so
7f20699d1000-7f20699d3000 rw-p 001eb000 103:05 2364445                   /lib/x86_64-linux-gnu/libc-2.27.so
7f20699d3000-7f20699d7000 rw-p 00000000 00:00 0 
7f20699d7000-7f20699da000 r-xp 00000000 103:05 2364468                   /lib/x86_64-linux-gnu/libdl-2.27.so
7f20699da000-7f2069bd9000 ---p 00003000 103:05 2364468                   /lib/x86_64-linux-gnu/libdl-2.27.so
7f2069bd9000-7f2069bda000 r--p 00002000 103:05 2364468                   /lib/x86_64-linux-gnu/libdl-2.27.so
7f2069bda000-7f2069bdb000 rw-p 00003000 103:05 2364468                   /lib/x86_64-linux-gnu/libdl-2.27.so
7f2069bdb000-7f2069bea000 r-xp 00000000 103:05 8127264                   /home/sherifneamatalla/.local/share/JetBrains/Toolbox/apps/IDEA-U/ch-0/192.7142.36/jbr/lib/jli/libjli.so
7f2069bea000-7f2069de9000 ---p 0000f000 103:05 8127264                   /home/sherifneamatalla/.local/share/JetBrains/Toolbox/apps/IDEA-U/ch-0/192.7142.36/jbr/lib/jli/libjli.so
7f2069de9000-7f2069dea000 r--p 0000e000 103:05 8127264                   /home/sherifneamatalla/.local/share/JetBrains/Toolbox/apps/IDEA-U/ch-0/192.7142.36/jbr/lib/jli/libjli.so
7f2069dea000-7f2069deb000 rw-p 0000f000 103:05 8127264                   /home/sherifneamatalla/.local/share/JetBrains/Toolbox/apps/IDEA-U/ch-0/192.7142.36/jbr/lib/jli/libjli.so
7f2069deb000-7f2069e05000 r-xp 00000000 103:05 2364578                   /lib/x86_64-linux-gnu/libpthread-2.27.so
7f2069e05000-7f206a004000 ---p 0001a000 103:05 2364578                   /lib/x86_64-linux-gnu/libpthread-2.27.so
7f206a004000-7f206a005000 r--p 00019000 103:05 2364578                   /lib/x86_64-linux-gnu/libpthread-2.27.so
7f206a005000-7f206a006000 rw-p 0001a000 103:05 2364578                   /lib/x86_64-linux-gnu/libpthread-2.27.so
7f206a006000-7f206a00a000 rw-p 00000000 00:00 0 
7f206a00a000-7f206a026000 r-xp 00000000 103:05 2364617                   /lib/x86_64-linux-gnu/libz.so.1.2.11
7f206a026000-7f206a225000 ---p 0001c000 103:05 2364617                   /lib/x86_64-linux-gnu/libz.so.1.2.11
7f206a225000-7f206a226000 r--p 0001b000 103:05 2364617                   /lib/x86_64-linux-gnu/libz.so.1.2.11
7f206a226000-7f206a227000 rw-p 0001c000 103:05 2364617                   /lib/x86_64-linux-gnu/libz.so.1.2.11
7f206a227000-7f206a24e000 r-xp 00000000 103:05 2364417                   /lib/x86_64-linux-gnu/ld-2.27.so
7f206a24f000-7f206a262000 rw-s 00000000 00:06 565                        /dev/nvidiactl
7f206a262000-7f206a263000 rw-s 00000000 00:06 566                        /dev/nvidia0
7f206a263000-7f206a265000 rw-s 00000000 00:06 565                        /dev/nvidiactl
7f206a265000-7f206a269000 rw-s 00000000 00:06 565                        /dev/nvidiactl
7f206a269000-7f206a26a000 rw-s 00000000 00:06 566                        /dev/nvidia0
7f206a26a000-7f206a26b000 rw-s 00000000 00:06 566                        /dev/nvidia0
7f206a26b000-7f206a26c000 rw-s 00000000 00:06 566                        /dev/nvidia0
7f206a26c000-7f206a28c000 rw-s 00000000 00:06 565                        /dev/nvidiactl
7f206a28c000-7f206a28d000 rw-s 00000000 00:06 565                        /dev/nvidiactl
7f206a28d000-7f206a28f000 r--s 00001000 103:05 7996506                   /home/sherifneamatalla/.local/share/JetBrains/Toolbox/apps/IDEA-U/ch-0/192.7142.36/plugins/java/lib/rt/debugger-agent-storage.jar
7f206a28f000-7f206a296000 r--s 00000000 103:05 4328033                   /usr/lib/x86_64-linux-gnu/gconv/gconv-modules.cache
7f206a296000-7f206a332000 rw-p 00000000 00:00 0 
7f206a332000-7f206a336000 ---p 00000000 00:00 0 
7f206a336000-7f206a435000 rw-p 00000000 00:00 0 
7f206a435000-7f206a436000 rw-s 00000000 00:06 565                        /dev/nvidiactl
7f206a436000-7f206a43b000 rw-p 00000000 00:00 0 
7f206a43b000-7f206a442000 ---p 00000000 00:00 0 
7f206a442000-7f206a44a000 rw-s 00000000 103:05 4982783                   /tmp/hsperfdata_sherifneamatalla/22696
7f206a44a000-7f206a44b000 ---p 00000000 00:00 0 
7f206a44b000-7f206a44c000 r--p 00000000 00:00 0 
7f206a44c000-7f206a44e000 rw-p 00000000 00:00 0 
7f206a44e000-7f206a44f000 r--p 00027000 103:05 2364417                   /lib/x86_64-linux-gnu/ld-2.27.so
7f206a44f000-7f206a450000 rw-p 00028000 103:05 2364417                   /lib/x86_64-linux-gnu/ld-2.27.so
7f206a450000-7f206a451000 rw-p 00000000 00:00 0 
7fff04b8b000-7fff04bac000 rw-p 00000000 00:00 0                          [stack]
7fff04bdb000-7fff04bde000 r--p 00000000 00:00 0                          [vvar]
7fff04bde000-7fff04bdf000 r-xp 00000000 00:00 0                          [vdso]
ffffffffff600000-ffffffffff601000 r-xp 00000000 00:00 0                  [vsyscall]


VM Arguments:
jvm_args: -agentlib:jdwp=transport=dt_socket,address=127.0.0.1:40863,suspend=y,server=n -javaagent:/home/sherifneamatalla/.local/share/JetBrains/Toolbox/apps/IDEA-U/ch-0/192.7142.36/plugins/java/lib/rt/debugger-agent.jar -Dfile.encoding=UTF-8 
java_command: Main
java_class_path (initial): /home/sherifneamatalla/Desktop/personal/java/genetics/geneticevolution/out/production/geneticevolution:/home/sherifneamatalla/.local/share/JetBrains/Toolbox/apps/IDEA-U/ch-0/192.7142.36/lib/idea_rt.jar
Launcher Type: SUN_STANDARD

[Global flags]
     intx CICompilerCount                          = 3                                         {product} {ergonomic}
     uint ConcGCThreads                            = 1                                         {product} {ergonomic}
     uint G1ConcRefinementThreads                  = 4                                         {product} {ergonomic}
   size_t G1HeapRegionSize                         = 1048576                                   {product} {ergonomic}
    uintx GCDrainStackTargetSize                   = 64                                        {product} {ergonomic}
   size_t InitialHeapSize                          = 127926272                                 {product} {ergonomic}
   size_t MarkStackSize                            = 4194304                                   {product} {ergonomic}
   size_t MaxHeapSize                              = 2021654528                                {product} {ergonomic}
   size_t MaxNewSize                               = 1212153856                                {product} {ergonomic}
   size_t MinHeapDeltaBytes                        = 1048576                                   {product} {ergonomic}
    uintx NonNMethodCodeHeapSize                   = 5830092                                {pd product} {ergonomic}
    uintx NonProfiledCodeHeapSize                  = 122914074                              {pd product} {ergonomic}
    uintx ProfiledCodeHeapSize                     = 122914074                              {pd product} {ergonomic}
    uintx ReservedCodeCacheSize                    = 251658240                              {pd product} {ergonomic}
     bool SegmentedCodeCache                       = true                                      {product} {ergonomic}
     bool UseCompressedClassPointers               = true                                 {lp64_product} {ergonomic}
     bool UseCompressedOops                        = true                                 {lp64_product} {ergonomic}
     bool UseG1GC                                  = true                                      {product} {ergonomic}

Logging:
Log output configuration:
 #0: stdout all=warning uptime,level,tags
 #1: stderr all=off uptime,level,tags

Environment Variables:
PATH=/usr/local/sbin:/usr/local/bin:/usr/sbin:/usr/bin:/sbin:/bin:/usr/games:/usr/local/games:/snap/bin
USERNAME=sherifneamatalla
SHELL=/bin/bash
DISPLAY=:1

Signal Handlers:
SIGSEGV: [libjvm.so+0xd98670], sa_mask[0]=11111111011111111101111111111110, sa_flags=SA_RESTART|SA_SIGINFO
SIGBUS: [libjvm.so+0xd98670], sa_mask[0]=11111111011111111101111111111110, sa_flags=SA_RESTART|SA_SIGINFO
SIGFPE: [libjvm.so+0xd98670], sa_mask[0]=11111111011111111101111111111110, sa_flags=SA_RESTART|SA_SIGINFO
SIGPIPE: [libjvm.so+0xb99c10], sa_mask[0]=11111111011111111101111111111110, sa_flags=SA_RESTART|SA_SIGINFO
SIGXFSZ: [libjvm.so+0xb99c10], sa_mask[0]=11111111011111111101111111111110, sa_flags=SA_RESTART|SA_SIGINFO
SIGILL: [libjvm.so+0xd98670], sa_mask[0]=11111111011111111101111111111110, sa_flags=SA_RESTART|SA_SIGINFO
SIGUSR2: [libjvm.so+0xb99ab0], sa_mask[0]=00100000000000000000000000000000, sa_flags=SA_RESTART|SA_SIGINFO
SIGHUP: [libjvm.so+0xb99c60], sa_mask[0]=11111111011111111101111111111110, sa_flags=SA_RESTART|SA_SIGINFO
SIGINT: [libjvm.so+0xb99c60], sa_mask[0]=11111111011111111101111111111110, sa_flags=SA_RESTART|SA_SIGINFO
SIGTERM: [libjvm.so+0xb99c60], sa_mask[0]=11111111011111111101111111111110, sa_flags=SA_RESTART|SA_SIGINFO
SIGQUIT: [libjvm.so+0xb99c60], sa_mask[0]=11111111011111111101111111111110, sa_flags=SA_RESTART|SA_SIGINFO


---------------  S Y S T E M  ---------------

OS:DISTRIB_ID=Ubuntu
DISTRIB_RELEASE=18.04
DISTRIB_CODENAME=bionic
DISTRIB_DESCRIPTION="Ubuntu 18.04.3 LTS"
uname:Linux 5.0.0-36-generic #39~18.04.1-Ubuntu SMP Tue Nov 12 11:09:50 UTC 2019 x86_64
libc:glibc 2.27 NPTL 2.27 
rlimit: STACK 8192k, CORE 0k, NPROC 30635, NOFILE 1048576, AS infinity, DATA infinity, FSIZE infinity
load average:0,94 1,19 0,98

/proc/meminfo:
MemTotal:        7890940 kB
MemFree:          647980 kB
MemAvailable:    1857580 kB
Buffers:          120356 kB
Cached:          1646328 kB
SwapCached:          948 kB
Active:          5415272 kB
Inactive:        1333508 kB
Active(anon):    4451408 kB
Inactive(anon):   901316 kB
Active(file):     963864 kB
Inactive(file):   432192 kB
Unevictable:         820 kB
Mlocked:              48 kB
SwapTotal:       8388604 kB
SwapFree:        8341244 kB
Dirty:             11896 kB
Writeback:             0 kB
AnonPages:       4982124 kB
Mapped:           960420 kB
Shmem:            371592 kB
KReclaimable:      86444 kB
Slab:             181820 kB
SReclaimable:      86444 kB
SUnreclaim:        95376 kB
KernelStack:       19524 kB
PageTables:        80596 kB
NFS_Unstable:          0 kB
Bounce:                0 kB
WritebackTmp:          0 kB
CommitLimit:    12334072 kB
Committed_AS:   12645372 kB
VmallocTotal:   34359738367 kB
VmallocUsed:           0 kB
VmallocChunk:          0 kB
Percpu:             1504 kB
HardwareCorrupted:     0 kB
AnonHugePages:         0 kB
ShmemHugePages:        0 kB
ShmemPmdMapped:        0 kB
CmaTotal:              0 kB
CmaFree:               0 kB
HugePages_Total:       0
HugePages_Free:        0
HugePages_Rsvd:        0
HugePages_Surp:        0
Hugepagesize:       2048 kB
Hugetlb:               0 kB
DirectMap4k:      428828 kB
DirectMap2M:     7684096 kB
DirectMap1G:     1048576 kB


/proc/sys/kernel/threads-max (system-wide limit on the number of threads):
61270


/proc/sys/vm/max_map_count (maximum number of memory map areas a process may have):
65530


/proc/sys/kernel/pid_max (system-wide limit on number of process identifiers):
32768



container (cgroup) information:
container_type: cgroupv1
cpu_cpuset_cpus: 0-3
cpu_memory_nodes: 0
active_processor_count: 4
cpu_quota: -1
cpu_period: 100000
cpu_shares: -1
memory_limit_in_bytes: -1
memory_and_swap_limit_in_bytes: -2
memory_soft_limit_in_bytes: -1
memory_usage_in_bytes: 6911844352
memory_max_usage_in_bytes: 0

Steal ticks since vm start: 0
Steal ticks percentage since vm start:  0,000

CPU:total 4 (initial active 4) (4 cores per cpu, 1 threads per core) family 6 model 158 stepping 9, cmov, cx8, fxsr, mmx, sse, sse2, sse3, ssse3, sse4.1, sse4.2, popcnt, avx, avx2, aes, clmul, erms, 3dnowpref, lzcnt, tsc, tscinvbit, bmi1, bmi2, adx, fma
CPU Model and flags from /proc/cpuinfo:
model name	: Intel(R) Core(TM) i5-7300HQ CPU @ 2.50GHz
flags		: fpu vme de pse tsc msr pae mce cx8 apic sep mtrr pge mca cmov pat pse36 clflush dts acpi mmx fxsr sse sse2 ss ht tm pbe syscall nx pdpe1gb rdtscp lm constant_tsc art arch_perfmon pebs bts rep_good nopl xtopology nonstop_tsc cpuid aperfmperf tsc_known_freq pni pclmulqdq dtes64 monitor ds_cpl vmx est tm2 ssse3 sdbg fma cx16 xtpr pdcm pcid sse4_1 sse4_2 x2apic movbe popcnt tsc_deadline_timer aes xsave avx f16c rdrand lahf_lm abm 3dnowprefetch cpuid_fault epb invpcid_single pti ssbd ibrs ibpb stibp tpr_shadow vnmi flexpriority ept vpid ept_ad fsgsbase tsc_adjust bmi1 avx2 smep bmi2 erms invpcid mpx rdseed adx smap clflushopt intel_pt xsaveopt xsavec xgetbv1 xsaves dtherm ida arat pln pts hwp hwp_notify hwp_act_window hwp_epp md_clear flush_l1d

Memory: 4k page, physical 7890940k(647980k free), swap 8388604k(8341244k free)

vm_info: OpenJDK 64-Bit Server VM (11.0.4+10-b304.77) for linux-amd64 JRE (11.0.4+10-b304.77), built on Oct 10 2019 12:18:38 by "" with gcc 4.8.5 20150623 (Red Hat 4.8.5-36)

END.
